{"D:\\MyProjects\\JavaScript\\Vanilla JS\\frontend-challenge\\src\\main.ts": {"path":"D:\\MyProjects\\JavaScript\\Vanilla JS\\frontend-challenge\\src\\main.ts","all":true,"statementMap":{"0":{"start":{"line":1,"column":0},"end":{"line":1,"column":59}},"1":{"start":{"line":2,"column":0},"end":{"line":2,"column":56}},"2":{"start":{"line":3,"column":0},"end":{"line":3,"column":0}},"3":{"start":{"line":4,"column":0},"end":{"line":4,"column":48}},"4":{"start":{"line":5,"column":0},"end":{"line":5,"column":48}}},"s":{"0":0,"1":0,"2":0,"3":0,"4":0},"branchMap":{"0":{"type":"branch","line":1,"loc":{"start":{"line":1,"column":0},"end":{"line":5,"column":48}},"locations":[{"start":{"line":1,"column":0},"end":{"line":5,"column":48}}]}},"b":{"0":[0]},"fnMap":{"0":{"name":"(empty-report)","decl":{"start":{"line":1,"column":0},"end":{"line":5,"column":48}},"loc":{"start":{"line":1,"column":0},"end":{"line":5,"column":48}},"line":1}},"f":{"0":0}}
,"D:\\MyProjects\\JavaScript\\Vanilla JS\\frontend-challenge\\src\\components\\buttons\\HeroButton.ts": {"path":"D:\\MyProjects\\JavaScript\\Vanilla JS\\frontend-challenge\\src\\components\\buttons\\HeroButton.ts","all":false,"statementMap":{"0":{"start":{"line":1,"column":0},"end":{"line":1,"column":26}},"4":{"start":{"line":5,"column":0},"end":{"line":5,"column":53}},"5":{"start":{"line":6,"column":0},"end":{"line":6,"column":35}},"6":{"start":{"line":7,"column":0},"end":{"line":7,"column":28}},"8":{"start":{"line":9,"column":0},"end":{"line":9,"column":17}},"9":{"start":{"line":10,"column":0},"end":{"line":10,"column":11}},"10":{"start":{"line":11,"column":0},"end":{"line":11,"column":22}},"11":{"start":{"line":12,"column":0},"end":{"line":12,"column":74}},"12":{"start":{"line":13,"column":0},"end":{"line":13,"column":49}},"13":{"start":{"line":14,"column":0},"end":{"line":14,"column":17}},"14":{"start":{"line":15,"column":0},"end":{"line":15,"column":3}},"17":{"start":{"line":18,"column":0},"end":{"line":18,"column":45}},"18":{"start":{"line":19,"column":0},"end":{"line":19,"column":34}},"19":{"start":{"line":20,"column":0},"end":{"line":20,"column":3}},"22":{"start":{"line":23,"column":0},"end":{"line":23,"column":27}},"23":{"start":{"line":24,"column":0},"end":{"line":24,"column":17}},"24":{"start":{"line":25,"column":0},"end":{"line":25,"column":28}},"25":{"start":{"line":26,"column":0},"end":{"line":26,"column":27}},"26":{"start":{"line":27,"column":0},"end":{"line":27,"column":5}},"28":{"start":{"line":29,"column":0},"end":{"line":29,"column":32}},"29":{"start":{"line":30,"column":0},"end":{"line":30,"column":21}},"30":{"start":{"line":31,"column":0},"end":{"line":31,"column":27}},"31":{"start":{"line":32,"column":0},"end":{"line":32,"column":73}},"32":{"start":{"line":33,"column":0},"end":{"line":33,"column":15}},"33":{"start":{"line":34,"column":0},"end":{"line":34,"column":20}},"34":{"start":{"line":35,"column":0},"end":{"line":35,"column":37}},"35":{"start":{"line":36,"column":0},"end":{"line":36,"column":15}},"36":{"start":{"line":37,"column":0},"end":{"line":37,"column":7}},"38":{"start":{"line":39,"column":0},"end":{"line":39,"column":19}},"39":{"start":{"line":40,"column":0},"end":{"line":40,"column":5}},"40":{"start":{"line":41,"column":0},"end":{"line":41,"column":3}},"43":{"start":{"line":44,"column":0},"end":{"line":44,"column":18}},"44":{"start":{"line":45,"column":0},"end":{"line":45,"column":46}},"45":{"start":{"line":46,"column":0},"end":{"line":46,"column":57}},"47":{"start":{"line":48,"column":0},"end":{"line":48,"column":22}},"48":{"start":{"line":49,"column":0},"end":{"line":49,"column":65}},"49":{"start":{"line":50,"column":0},"end":{"line":50,"column":58}},"51":{"start":{"line":52,"column":0},"end":{"line":52,"column":14}},"52":{"start":{"line":53,"column":0},"end":{"line":53,"column":3}},"53":{"start":{"line":54,"column":0},"end":{"line":54,"column":1}}},"s":{"0":1,"4":4,"5":4,"6":4,"8":4,"9":4,"10":4,"11":4,"12":4,"13":4,"14":4,"17":4,"18":1,"19":1,"22":4,"23":4,"24":4,"25":4,"26":4,"28":4,"29":4,"30":4,"31":0,"32":0,"33":4,"34":4,"35":4,"36":4,"38":4,"39":4,"40":4,"43":4,"44":8,"45":8,"47":8,"48":8,"49":8,"51":8,"52":8,"53":4},"branchMap":{"0":{"type":"branch","line":5,"loc":{"start":{"line":5,"column":0},"end":{"line":54,"column":1}},"locations":[{"start":{"line":5,"column":0},"end":{"line":54,"column":1}}]},"1":{"type":"branch","line":9,"loc":{"start":{"line":9,"column":2},"end":{"line":15,"column":3}},"locations":[{"start":{"line":9,"column":2},"end":{"line":15,"column":3}}]},"2":{"type":"branch","line":13,"loc":{"start":{"line":13,"column":40},"end":{"line":13,"column":49}},"locations":[{"start":{"line":13,"column":40},"end":{"line":13,"column":49}}]},"3":{"type":"branch","line":18,"loc":{"start":{"line":18,"column":2},"end":{"line":20,"column":3}},"locations":[{"start":{"line":18,"column":2},"end":{"line":20,"column":3}}]},"4":{"type":"branch","line":23,"loc":{"start":{"line":23,"column":2},"end":{"line":41,"column":3}},"locations":[{"start":{"line":23,"column":2},"end":{"line":41,"column":3}}]},"5":{"type":"branch","line":31,"loc":{"start":{"line":31,"column":8},"end":{"line":33,"column":15}},"locations":[{"start":{"line":31,"column":8},"end":{"line":33,"column":15}}]},"6":{"type":"branch","line":35,"loc":{"start":{"line":35,"column":22},"end":{"line":35,"column":37}},"locations":[{"start":{"line":35,"column":22},"end":{"line":35,"column":37}}]},"7":{"type":"branch","line":44,"loc":{"start":{"line":44,"column":2},"end":{"line":53,"column":3}},"locations":[{"start":{"line":44,"column":2},"end":{"line":53,"column":3}}]},"8":{"type":"branch","line":45,"loc":{"start":{"line":45,"column":23},"end":{"line":45,"column":46}},"locations":[{"start":{"line":45,"column":23},"end":{"line":45,"column":46}}]}},"b":{"0":[4],"1":[4],"2":[0],"3":[1],"4":[4],"5":[0],"6":[0],"7":[8],"8":[0]},"fnMap":{"0":{"name":"<instance_members_initializer>","decl":{"start":{"line":5,"column":0},"end":{"line":54,"column":1}},"loc":{"start":{"line":5,"column":0},"end":{"line":54,"column":1}},"line":5},"1":{"name":"HeroButton","decl":{"start":{"line":9,"column":2},"end":{"line":15,"column":3}},"loc":{"start":{"line":9,"column":2},"end":{"line":15,"column":3}},"line":9},"2":{"name":"get observedAttributes","decl":{"start":{"line":18,"column":2},"end":{"line":20,"column":3}},"loc":{"start":{"line":18,"column":2},"end":{"line":20,"column":3}},"line":18},"3":{"name":"attributeChangedCallback","decl":{"start":{"line":23,"column":2},"end":{"line":41,"column":3}},"loc":{"start":{"line":23,"column":2},"end":{"line":41,"column":3}},"line":23},"4":{"name":"render","decl":{"start":{"line":44,"column":2},"end":{"line":53,"column":3}},"loc":{"start":{"line":44,"column":2},"end":{"line":53,"column":3}},"line":44}},"f":{"0":4,"1":4,"2":1,"3":4,"4":8}}
,"D:\\MyProjects\\JavaScript\\Vanilla JS\\frontend-challenge\\src\\components\\heroSlider\\HeroSlider.ts": {"path":"D:\\MyProjects\\JavaScript\\Vanilla JS\\frontend-challenge\\src\\components\\heroSlider\\HeroSlider.ts","all":false,"statementMap":{"0":{"start":{"line":1,"column":0},"end":{"line":1,"column":26}},"19":{"start":{"line":20,"column":0},"end":{"line":20,"column":53}},"20":{"start":{"line":21,"column":0},"end":{"line":21,"column":62}},"21":{"start":{"line":22,"column":0},"end":{"line":22,"column":62}},"22":{"start":{"line":23,"column":0},"end":{"line":23,"column":76}},"23":{"start":{"line":24,"column":0},"end":{"line":24,"column":70}},"24":{"start":{"line":25,"column":0},"end":{"line":25,"column":83}},"25":{"start":{"line":26,"column":0},"end":{"line":26,"column":79}},"26":{"start":{"line":27,"column":0},"end":{"line":27,"column":93}},"27":{"start":{"line":28,"column":0},"end":{"line":28,"column":18}},"30":{"start":{"line":31,"column":0},"end":{"line":31,"column":37}},"31":{"start":{"line":32,"column":0},"end":{"line":32,"column":68}},"32":{"start":{"line":33,"column":0},"end":{"line":33,"column":68}},"34":{"start":{"line":35,"column":0},"end":{"line":35,"column":67}},"35":{"start":{"line":36,"column":0},"end":{"line":36,"column":62}},"36":{"start":{"line":37,"column":0},"end":{"line":37,"column":61}},"38":{"start":{"line":39,"column":0},"end":{"line":39,"column":17}},"39":{"start":{"line":40,"column":0},"end":{"line":40,"column":11}},"40":{"start":{"line":41,"column":0},"end":{"line":41,"column":54}},"41":{"start":{"line":42,"column":0},"end":{"line":42,"column":62}},"42":{"start":{"line":43,"column":0},"end":{"line":43,"column":60}},"43":{"start":{"line":44,"column":0},"end":{"line":44,"column":60}},"44":{"start":{"line":45,"column":0},"end":{"line":45,"column":58}},"45":{"start":{"line":46,"column":0},"end":{"line":46,"column":56}},"46":{"start":{"line":47,"column":0},"end":{"line":47,"column":3}},"49":{"start":{"line":50,"column":0},"end":{"line":50,"column":45}},"50":{"start":{"line":51,"column":0},"end":{"line":51,"column":18}},"51":{"start":{"line":52,"column":0},"end":{"line":52,"column":3}},"54":{"start":{"line":55,"column":0},"end":{"line":55,"column":29}},"56":{"start":{"line":57,"column":0},"end":{"line":57,"column":30}},"57":{"start":{"line":58,"column":0},"end":{"line":58,"column":35}},"58":{"start":{"line":59,"column":0},"end":{"line":59,"column":59}},"59":{"start":{"line":60,"column":0},"end":{"line":60,"column":26}},"60":{"start":{"line":61,"column":0},"end":{"line":61,"column":5}},"61":{"start":{"line":62,"column":0},"end":{"line":62,"column":17}},"62":{"start":{"line":63,"column":0},"end":{"line":63,"column":30}},"63":{"start":{"line":64,"column":0},"end":{"line":64,"column":3}},"66":{"start":{"line":67,"column":0},"end":{"line":67,"column":26}},"67":{"start":{"line":68,"column":0},"end":{"line":68,"column":32}},"68":{"start":{"line":69,"column":0},"end":{"line":69,"column":3}},"71":{"start":{"line":72,"column":0},"end":{"line":72,"column":27}},"72":{"start":{"line":73,"column":0},"end":{"line":73,"column":17}},"73":{"start":{"line":74,"column":0},"end":{"line":74,"column":28}},"74":{"start":{"line":75,"column":0},"end":{"line":75,"column":27}},"75":{"start":{"line":76,"column":0},"end":{"line":76,"column":5}},"76":{"start":{"line":77,"column":0},"end":{"line":77,"column":32}},"77":{"start":{"line":78,"column":0},"end":{"line":78,"column":21}},"78":{"start":{"line":79,"column":0},"end":{"line":79,"column":19}},"79":{"start":{"line":80,"column":0},"end":{"line":80,"column":35}},"80":{"start":{"line":81,"column":0},"end":{"line":81,"column":15}},"81":{"start":{"line":82,"column":0},"end":{"line":82,"column":7}},"83":{"start":{"line":84,"column":0},"end":{"line":84,"column":19}},"84":{"start":{"line":85,"column":0},"end":{"line":85,"column":5}},"85":{"start":{"line":86,"column":0},"end":{"line":86,"column":3}},"88":{"start":{"line":89,"column":0},"end":{"line":89,"column":25}},"89":{"start":{"line":90,"column":0},"end":{"line":90,"column":74}},"90":{"start":{"line":91,"column":0},"end":{"line":91,"column":70}},"91":{"start":{"line":92,"column":0},"end":{"line":92,"column":47}},"92":{"start":{"line":93,"column":0},"end":{"line":93,"column":39}},"93":{"start":{"line":94,"column":0},"end":{"line":94,"column":5}},"95":{"start":{"line":96,"column":0},"end":{"line":96,"column":64}},"96":{"start":{"line":97,"column":0},"end":{"line":97,"column":20}},"97":{"start":{"line":98,"column":0},"end":{"line":98,"column":6}},"98":{"start":{"line":99,"column":0},"end":{"line":99,"column":80}},"99":{"start":{"line":100,"column":0},"end":{"line":100,"column":78}},"101":{"start":{"line":102,"column":0},"end":{"line":102,"column":45}},"102":{"start":{"line":103,"column":0},"end":{"line":103,"column":71}},"103":{"start":{"line":104,"column":0},"end":{"line":104,"column":67}},"104":{"start":{"line":105,"column":0},"end":{"line":105,"column":5}},"107":{"start":{"line":108,"column":0},"end":{"line":108,"column":32}},"108":{"start":{"line":109,"column":0},"end":{"line":109,"column":76}},"109":{"start":{"line":110,"column":0},"end":{"line":110,"column":5}},"110":{"start":{"line":111,"column":0},"end":{"line":111,"column":3}},"113":{"start":{"line":114,"column":0},"end":{"line":114,"column":27}},"114":{"start":{"line":115,"column":0},"end":{"line":115,"column":64}},"115":{"start":{"line":116,"column":0},"end":{"line":116,"column":20}},"116":{"start":{"line":117,"column":0},"end":{"line":117,"column":6}},"117":{"start":{"line":118,"column":0},"end":{"line":118,"column":80}},"118":{"start":{"line":119,"column":0},"end":{"line":119,"column":78}},"120":{"start":{"line":121,"column":0},"end":{"line":121,"column":45}},"121":{"start":{"line":122,"column":0},"end":{"line":122,"column":74}},"122":{"start":{"line":123,"column":0},"end":{"line":123,"column":70}},"123":{"start":{"line":124,"column":0},"end":{"line":124,"column":5}},"125":{"start":{"line":126,"column":0},"end":{"line":126,"column":32}},"126":{"start":{"line":127,"column":0},"end":{"line":127,"column":79}},"127":{"start":{"line":128,"column":0},"end":{"line":128,"column":5}},"128":{"start":{"line":129,"column":0},"end":{"line":129,"column":3}},"131":{"start":{"line":132,"column":0},"end":{"line":132,"column":40}},"132":{"start":{"line":133,"column":0},"end":{"line":133,"column":9}},"133":{"start":{"line":134,"column":0},"end":{"line":134,"column":44}},"135":{"start":{"line":136,"column":0},"end":{"line":136,"column":25}},"136":{"start":{"line":137,"column":0},"end":{"line":137,"column":75}},"137":{"start":{"line":138,"column":0},"end":{"line":138,"column":7}},"139":{"start":{"line":140,"column":0},"end":{"line":140,"column":53}},"140":{"start":{"line":141,"column":0},"end":{"line":141,"column":35}},"142":{"start":{"line":143,"column":0},"end":{"line":143,"column":45}},"143":{"start":{"line":144,"column":0},"end":{"line":144,"column":37}},"144":{"start":{"line":145,"column":0},"end":{"line":145,"column":60}},"145":{"start":{"line":146,"column":0},"end":{"line":146,"column":7}},"146":{"start":{"line":147,"column":0},"end":{"line":147,"column":30}},"147":{"start":{"line":148,"column":0},"end":{"line":148,"column":35}},"148":{"start":{"line":149,"column":0},"end":{"line":149,"column":64}},"149":{"start":{"line":150,"column":0},"end":{"line":150,"column":38}},"150":{"start":{"line":151,"column":0},"end":{"line":151,"column":14}},"151":{"start":{"line":152,"column":0},"end":{"line":152,"column":64}},"152":{"start":{"line":153,"column":0},"end":{"line":153,"column":38}},"153":{"start":{"line":154,"column":0},"end":{"line":154,"column":7}},"154":{"start":{"line":155,"column":0},"end":{"line":155,"column":5}},"155":{"start":{"line":156,"column":0},"end":{"line":156,"column":3}},"157":{"start":{"line":158,"column":0},"end":{"line":158,"column":39}},"158":{"start":{"line":159,"column":0},"end":{"line":159,"column":54}},"159":{"start":{"line":160,"column":0},"end":{"line":160,"column":3}},"161":{"start":{"line":162,"column":0},"end":{"line":162,"column":38}},"162":{"start":{"line":163,"column":0},"end":{"line":163,"column":52}},"163":{"start":{"line":164,"column":0},"end":{"line":164,"column":3}},"165":{"start":{"line":166,"column":0},"end":{"line":166,"column":20}},"166":{"start":{"line":167,"column":0},"end":{"line":167,"column":59}},"168":{"start":{"line":169,"column":0},"end":{"line":169,"column":58}},"169":{"start":{"line":170,"column":0},"end":{"line":170,"column":30}},"170":{"start":{"line":171,"column":0},"end":{"line":171,"column":28}},"171":{"start":{"line":172,"column":0},"end":{"line":172,"column":14}},"172":{"start":{"line":173,"column":0},"end":{"line":173,"column":32}},"173":{"start":{"line":174,"column":0},"end":{"line":174,"column":7}},"174":{"start":{"line":175,"column":0},"end":{"line":175,"column":5}},"175":{"start":{"line":176,"column":0},"end":{"line":176,"column":3}},"178":{"start":{"line":179,"column":0},"end":{"line":179,"column":34}},"180":{"start":{"line":181,"column":0},"end":{"line":181,"column":46}},"183":{"start":{"line":184,"column":0},"end":{"line":184,"column":68}},"184":{"start":{"line":185,"column":0},"end":{"line":185,"column":84}},"185":{"start":{"line":186,"column":0},"end":{"line":186,"column":52}},"187":{"start":{"line":188,"column":0},"end":{"line":188,"column":22}},"189":{"start":{"line":190,"column":0},"end":{"line":190,"column":39}},"190":{"start":{"line":191,"column":0},"end":{"line":191,"column":7}},"191":{"start":{"line":192,"column":0},"end":{"line":192,"column":5}},"192":{"start":{"line":193,"column":0},"end":{"line":193,"column":3}},"195":{"start":{"line":196,"column":0},"end":{"line":196,"column":19}},"196":{"start":{"line":197,"column":0},"end":{"line":197,"column":55}},"198":{"start":{"line":199,"column":0},"end":{"line":199,"column":29}},"199":{"start":{"line":200,"column":0},"end":{"line":200,"column":58}},"200":{"start":{"line":201,"column":0},"end":{"line":201,"column":26}},"201":{"start":{"line":202,"column":0},"end":{"line":202,"column":106}},"202":{"start":{"line":203,"column":0},"end":{"line":203,"column":12}},"203":{"start":{"line":204,"column":0},"end":{"line":204,"column":27}},"204":{"start":{"line":205,"column":0},"end":{"line":205,"column":76}},"207":{"start":{"line":208,"column":0},"end":{"line":208,"column":52}},"208":{"start":{"line":209,"column":0},"end":{"line":209,"column":46}},"209":{"start":{"line":210,"column":0},"end":{"line":210,"column":36}},"210":{"start":{"line":211,"column":0},"end":{"line":211,"column":52}},"211":{"start":{"line":212,"column":0},"end":{"line":212,"column":26}},"212":{"start":{"line":213,"column":0},"end":{"line":213,"column":9}},"213":{"start":{"line":214,"column":0},"end":{"line":214,"column":7}},"214":{"start":{"line":215,"column":0},"end":{"line":215,"column":5}},"215":{"start":{"line":216,"column":0},"end":{"line":216,"column":24}},"216":{"start":{"line":217,"column":0},"end":{"line":217,"column":17}},"217":{"start":{"line":218,"column":0},"end":{"line":218,"column":3}},"220":{"start":{"line":221,"column":0},"end":{"line":221,"column":23}},"221":{"start":{"line":222,"column":0},"end":{"line":222,"column":36}},"223":{"start":{"line":224,"column":0},"end":{"line":224,"column":48}},"224":{"start":{"line":225,"column":0},"end":{"line":225,"column":76}},"227":{"start":{"line":228,"column":0},"end":{"line":228,"column":24}},"228":{"start":{"line":229,"column":0},"end":{"line":229,"column":71}},"229":{"start":{"line":230,"column":0},"end":{"line":230,"column":41}},"230":{"start":{"line":231,"column":0},"end":{"line":231,"column":12}},"231":{"start":{"line":232,"column":0},"end":{"line":232,"column":27}},"232":{"start":{"line":233,"column":0},"end":{"line":233,"column":76}},"235":{"start":{"line":236,"column":0},"end":{"line":236,"column":51}},"236":{"start":{"line":237,"column":0},"end":{"line":237,"column":26}},"237":{"start":{"line":238,"column":0},"end":{"line":238,"column":68}},"238":{"start":{"line":239,"column":0},"end":{"line":239,"column":50}},"239":{"start":{"line":240,"column":0},"end":{"line":240,"column":7}},"240":{"start":{"line":241,"column":0},"end":{"line":241,"column":5}},"241":{"start":{"line":242,"column":0},"end":{"line":242,"column":17}},"242":{"start":{"line":243,"column":0},"end":{"line":243,"column":3}},"245":{"start":{"line":246,"column":0},"end":{"line":246,"column":38}},"246":{"start":{"line":247,"column":0},"end":{"line":247,"column":49}},"247":{"start":{"line":248,"column":0},"end":{"line":248,"column":54}},"248":{"start":{"line":249,"column":0},"end":{"line":249,"column":5}},"251":{"start":{"line":252,"column":0},"end":{"line":252,"column":30}},"252":{"start":{"line":253,"column":0},"end":{"line":253,"column":40}},"253":{"start":{"line":254,"column":0},"end":{"line":254,"column":37}},"255":{"start":{"line":256,"column":0},"end":{"line":256,"column":26}},"256":{"start":{"line":257,"column":0},"end":{"line":257,"column":19}},"257":{"start":{"line":258,"column":0},"end":{"line":258,"column":5}},"258":{"start":{"line":259,"column":0},"end":{"line":259,"column":3}},"261":{"start":{"line":262,"column":0},"end":{"line":262,"column":29}},"262":{"start":{"line":263,"column":0},"end":{"line":263,"column":79}},"264":{"start":{"line":265,"column":0},"end":{"line":265,"column":12}},"266":{"start":{"line":267,"column":0},"end":{"line":267,"column":85}},"268":{"start":{"line":269,"column":0},"end":{"line":269,"column":3}},"269":{"start":{"line":270,"column":0},"end":{"line":270,"column":28}},"270":{"start":{"line":271,"column":0},"end":{"line":271,"column":28}},"271":{"start":{"line":272,"column":0},"end":{"line":272,"column":69}},"272":{"start":{"line":273,"column":0},"end":{"line":273,"column":31}},"273":{"start":{"line":274,"column":0},"end":{"line":274,"column":78}},"275":{"start":{"line":276,"column":0},"end":{"line":276,"column":12}},"276":{"start":{"line":277,"column":0},"end":{"line":277,"column":56}},"277":{"start":{"line":278,"column":0},"end":{"line":278,"column":60}},"279":{"start":{"line":280,"column":0},"end":{"line":280,"column":3}},"286":{"start":{"line":287,"column":0},"end":{"line":287,"column":19}},"287":{"start":{"line":288,"column":0},"end":{"line":288,"column":37}},"288":{"start":{"line":289,"column":0},"end":{"line":289,"column":33}},"289":{"start":{"line":290,"column":0},"end":{"line":290,"column":38}},"292":{"start":{"line":293,"column":0},"end":{"line":293,"column":18}},"293":{"start":{"line":294,"column":0},"end":{"line":294,"column":36}},"294":{"start":{"line":295,"column":0},"end":{"line":295,"column":5}},"297":{"start":{"line":298,"column":0},"end":{"line":298,"column":39}},"298":{"start":{"line":299,"column":0},"end":{"line":299,"column":14}},"299":{"start":{"line":300,"column":0},"end":{"line":300,"column":5}},"302":{"start":{"line":303,"column":0},"end":{"line":303,"column":42}},"303":{"start":{"line":304,"column":0},"end":{"line":304,"column":42}},"304":{"start":{"line":305,"column":0},"end":{"line":305,"column":29}},"305":{"start":{"line":306,"column":0},"end":{"line":306,"column":33}},"306":{"start":{"line":307,"column":0},"end":{"line":307,"column":6}},"307":{"start":{"line":308,"column":0},"end":{"line":308,"column":3}},"310":{"start":{"line":311,"column":0},"end":{"line":311,"column":27}},"311":{"start":{"line":312,"column":0},"end":{"line":312,"column":24}},"312":{"start":{"line":313,"column":0},"end":{"line":313,"column":48}},"313":{"start":{"line":314,"column":0},"end":{"line":314,"column":41}},"314":{"start":{"line":315,"column":0},"end":{"line":315,"column":24}},"315":{"start":{"line":316,"column":0},"end":{"line":316,"column":55}},"316":{"start":{"line":317,"column":0},"end":{"line":317,"column":52}},"317":{"start":{"line":318,"column":0},"end":{"line":318,"column":16}},"319":{"start":{"line":320,"column":0},"end":{"line":320,"column":16}},"320":{"start":{"line":321,"column":0},"end":{"line":321,"column":90}},"321":{"start":{"line":322,"column":0},"end":{"line":322,"column":72}},"324":{"start":{"line":325,"column":0},"end":{"line":325,"column":8}},"325":{"start":{"line":326,"column":0},"end":{"line":326,"column":15}},"326":{"start":{"line":327,"column":0},"end":{"line":327,"column":3}},"329":{"start":{"line":330,"column":0},"end":{"line":330,"column":12}},"330":{"start":{"line":331,"column":0},"end":{"line":331,"column":22}},"332":{"start":{"line":333,"column":0},"end":{"line":333,"column":37}},"334":{"start":{"line":335,"column":0},"end":{"line":335,"column":38}},"344":{"start":{"line":345,"column":0},"end":{"line":345,"column":39}},"356":{"start":{"line":357,"column":0},"end":{"line":357,"column":16}},"357":{"start":{"line":358,"column":0},"end":{"line":358,"column":72}},"358":{"start":{"line":359,"column":0},"end":{"line":359,"column":3}},"359":{"start":{"line":360,"column":0},"end":{"line":360,"column":1}}},"s":{"0":1,"19":7,"20":7,"21":7,"22":7,"23":7,"24":7,"25":7,"26":7,"27":7,"30":7,"31":7,"32":7,"34":7,"35":7,"36":7,"38":7,"39":7,"40":7,"41":7,"42":7,"43":7,"44":7,"45":7,"46":7,"49":7,"50":3,"51":3,"54":7,"56":7,"57":7,"58":7,"59":7,"60":7,"61":7,"62":7,"63":7,"66":7,"67":7,"68":7,"71":7,"72":7,"73":7,"74":7,"75":7,"76":7,"77":7,"78":7,"79":7,"80":7,"81":7,"83":7,"84":7,"85":7,"88":7,"89":29,"90":29,"91":29,"92":29,"93":29,"95":29,"96":29,"97":29,"98":29,"99":29,"101":29,"102":29,"103":29,"104":29,"107":29,"108":29,"109":29,"110":29,"113":7,"114":7,"115":7,"116":7,"117":7,"118":7,"120":7,"121":7,"122":7,"123":7,"125":7,"126":7,"127":7,"128":7,"131":7,"132":14,"133":14,"135":14,"136":0,"137":0,"139":14,"140":14,"142":14,"143":14,"144":14,"145":14,"146":14,"147":0,"148":0,"149":0,"150":0,"151":0,"152":0,"153":0,"154":0,"155":14,"157":7,"158":2,"159":2,"161":7,"162":2,"163":2,"165":7,"166":2,"168":2,"169":2,"170":1,"171":1,"172":1,"173":1,"174":2,"175":2,"178":7,"180":1,"183":1,"184":1,"185":1,"187":1,"189":1,"190":1,"191":1,"192":1,"195":7,"196":2,"198":0,"199":0,"200":0,"201":0,"202":2,"203":2,"204":2,"207":2,"208":0,"209":0,"210":0,"211":0,"212":0,"213":0,"214":2,"215":2,"216":2,"217":2,"220":7,"221":4,"223":1,"224":1,"227":1,"228":1,"229":1,"230":4,"231":3,"232":3,"235":3,"236":0,"237":0,"238":0,"239":0,"240":3,"241":4,"242":4,"245":7,"246":1,"247":1,"248":1,"251":1,"252":1,"253":1,"255":1,"256":1,"257":1,"258":1,"261":7,"262":22,"264":22,"266":22,"268":22,"269":7,"270":22,"271":22,"272":22,"273":22,"275":22,"276":22,"277":22,"279":22,"286":7,"287":10,"288":10,"289":10,"292":10,"293":7,"294":7,"297":10,"298":0,"299":0,"302":10,"303":30,"304":30,"305":30,"306":10,"307":10,"310":7,"311":22,"312":22,"313":22,"314":58,"315":58,"316":15,"317":43,"319":58,"320":58,"321":58,"324":22,"325":22,"326":22,"329":7,"330":22,"332":22,"334":22,"344":22,"356":22,"357":22,"358":22,"359":7},"branchMap":{"0":{"type":"branch","line":20,"loc":{"start":{"line":20,"column":0},"end":{"line":360,"column":1}},"locations":[{"start":{"line":20,"column":0},"end":{"line":360,"column":1}}]},"1":{"type":"branch","line":39,"loc":{"start":{"line":39,"column":2},"end":{"line":47,"column":3}},"locations":[{"start":{"line":39,"column":2},"end":{"line":47,"column":3}}]},"2":{"type":"branch","line":50,"loc":{"start":{"line":50,"column":2},"end":{"line":52,"column":3}},"locations":[{"start":{"line":50,"column":2},"end":{"line":52,"column":3}}]},"3":{"type":"branch","line":55,"loc":{"start":{"line":55,"column":2},"end":{"line":64,"column":3}},"locations":[{"start":{"line":55,"column":2},"end":{"line":64,"column":3}}]},"4":{"type":"branch","line":67,"loc":{"start":{"line":67,"column":2},"end":{"line":69,"column":3}},"locations":[{"start":{"line":67,"column":2},"end":{"line":69,"column":3}}]},"5":{"type":"branch","line":72,"loc":{"start":{"line":72,"column":2},"end":{"line":86,"column":3}},"locations":[{"start":{"line":72,"column":2},"end":{"line":86,"column":3}}]},"6":{"type":"branch","line":80,"loc":{"start":{"line":80,"column":21},"end":{"line":80,"column":35}},"locations":[{"start":{"line":80,"column":21},"end":{"line":80,"column":35}}]},"7":{"type":"branch","line":89,"loc":{"start":{"line":89,"column":2},"end":{"line":111,"column":3}},"locations":[{"start":{"line":89,"column":2},"end":{"line":111,"column":3}}]},"8":{"type":"branch","line":114,"loc":{"start":{"line":114,"column":2},"end":{"line":129,"column":3}},"locations":[{"start":{"line":114,"column":2},"end":{"line":129,"column":3}}]},"9":{"type":"branch","line":132,"loc":{"start":{"line":132,"column":2},"end":{"line":156,"column":3}},"locations":[{"start":{"line":132,"column":2},"end":{"line":156,"column":3}}]},"10":{"type":"branch","line":136,"loc":{"start":{"line":136,"column":24},"end":{"line":138,"column":7}},"locations":[{"start":{"line":136,"column":24},"end":{"line":138,"column":7}}]},"11":{"type":"branch","line":147,"loc":{"start":{"line":147,"column":4},"end":{"line":155,"column":5}},"locations":[{"start":{"line":147,"column":4},"end":{"line":155,"column":5}}]},"12":{"type":"branch","line":158,"loc":{"start":{"line":158,"column":2},"end":{"line":160,"column":3}},"locations":[{"start":{"line":158,"column":2},"end":{"line":160,"column":3}}]},"13":{"type":"branch","line":162,"loc":{"start":{"line":162,"column":2},"end":{"line":164,"column":3}},"locations":[{"start":{"line":162,"column":2},"end":{"line":164,"column":3}}]},"14":{"type":"branch","line":166,"loc":{"start":{"line":166,"column":2},"end":{"line":176,"column":3}},"locations":[{"start":{"line":166,"column":2},"end":{"line":176,"column":3}}]},"15":{"type":"branch","line":170,"loc":{"start":{"line":170,"column":29},"end":{"line":174,"column":7}},"locations":[{"start":{"line":170,"column":29},"end":{"line":174,"column":7}}]},"16":{"type":"branch","line":179,"loc":{"start":{"line":179,"column":2},"end":{"line":193,"column":3}},"locations":[{"start":{"line":179,"column":2},"end":{"line":193,"column":3}}]},"17":{"type":"branch","line":196,"loc":{"start":{"line":196,"column":2},"end":{"line":218,"column":3}},"locations":[{"start":{"line":196,"column":2},"end":{"line":218,"column":3}}]},"18":{"type":"branch","line":197,"loc":{"start":{"line":197,"column":54},"end":{"line":203,"column":11}},"locations":[{"start":{"line":197,"column":54},"end":{"line":203,"column":11}}]},"19":{"type":"branch","line":208,"loc":{"start":{"line":208,"column":51},"end":{"line":214,"column":7}},"locations":[{"start":{"line":208,"column":51},"end":{"line":214,"column":7}}]},"20":{"type":"branch","line":221,"loc":{"start":{"line":221,"column":2},"end":{"line":243,"column":3}},"locations":[{"start":{"line":221,"column":2},"end":{"line":243,"column":3}}]},"21":{"type":"branch","line":222,"loc":{"start":{"line":222,"column":35},"end":{"line":231,"column":11}},"locations":[{"start":{"line":222,"column":35},"end":{"line":231,"column":11}}]},"22":{"type":"branch","line":231,"loc":{"start":{"line":231,"column":4},"end":{"line":241,"column":5}},"locations":[{"start":{"line":231,"column":4},"end":{"line":241,"column":5}}]},"23":{"type":"branch","line":236,"loc":{"start":{"line":236,"column":50},"end":{"line":240,"column":7}},"locations":[{"start":{"line":236,"column":50},"end":{"line":240,"column":7}}]},"24":{"type":"branch","line":246,"loc":{"start":{"line":246,"column":2},"end":{"line":259,"column":3}},"locations":[{"start":{"line":246,"column":2},"end":{"line":259,"column":3}}]},"25":{"type":"branch","line":248,"loc":{"start":{"line":248,"column":6},"end":{"line":248,"column":54}},"locations":[{"start":{"line":248,"column":6},"end":{"line":248,"column":54}}]},"26":{"type":"branch","line":262,"loc":{"start":{"line":262,"column":2},"end":{"line":269,"column":3}},"locations":[{"start":{"line":262,"column":2},"end":{"line":269,"column":3}}]},"27":{"type":"branch","line":263,"loc":{"start":{"line":263,"column":61},"end":{"line":263,"column":71}},"locations":[{"start":{"line":263,"column":61},"end":{"line":263,"column":71}}]},"28":{"type":"branch","line":263,"loc":{"start":{"line":263,"column":72},"end":{"line":263,"column":79}},"locations":[{"start":{"line":263,"column":72},"end":{"line":263,"column":79}}]},"29":{"type":"branch","line":270,"loc":{"start":{"line":270,"column":2},"end":{"line":280,"column":3}},"locations":[{"start":{"line":270,"column":2},"end":{"line":280,"column":3}}]},"30":{"type":"branch","line":272,"loc":{"start":{"line":272,"column":39},"end":{"line":272,"column":51}},"locations":[{"start":{"line":272,"column":39},"end":{"line":272,"column":51}}]},"31":{"type":"branch","line":272,"loc":{"start":{"line":272,"column":42},"end":{"line":272,"column":69}},"locations":[{"start":{"line":272,"column":42},"end":{"line":272,"column":69}}]},"32":{"type":"branch","line":274,"loc":{"start":{"line":274,"column":39},"end":{"line":274,"column":57}},"locations":[{"start":{"line":274,"column":39},"end":{"line":274,"column":57}}]},"33":{"type":"branch","line":274,"loc":{"start":{"line":274,"column":42},"end":{"line":274,"column":78}},"locations":[{"start":{"line":274,"column":42},"end":{"line":274,"column":78}}]},"34":{"type":"branch","line":287,"loc":{"start":{"line":287,"column":2},"end":{"line":308,"column":3}},"locations":[{"start":{"line":287,"column":2},"end":{"line":308,"column":3}}]},"35":{"type":"branch","line":293,"loc":{"start":{"line":293,"column":17},"end":{"line":295,"column":5}},"locations":[{"start":{"line":293,"column":17},"end":{"line":295,"column":5}}]},"36":{"type":"branch","line":298,"loc":{"start":{"line":298,"column":38},"end":{"line":300,"column":5}},"locations":[{"start":{"line":298,"column":38},"end":{"line":300,"column":5}}]},"37":{"type":"branch","line":303,"loc":{"start":{"line":303,"column":30},"end":{"line":307,"column":5}},"locations":[{"start":{"line":303,"column":30},"end":{"line":307,"column":5}}]},"38":{"type":"branch","line":311,"loc":{"start":{"line":311,"column":2},"end":{"line":327,"column":3}},"locations":[{"start":{"line":311,"column":2},"end":{"line":327,"column":3}}]},"39":{"type":"branch","line":314,"loc":{"start":{"line":314,"column":11},"end":{"line":325,"column":7}},"locations":[{"start":{"line":314,"column":11},"end":{"line":325,"column":7}}]},"40":{"type":"branch","line":316,"loc":{"start":{"line":316,"column":54},"end":{"line":317,"column":52}},"locations":[{"start":{"line":316,"column":54},"end":{"line":317,"column":52}}]},"41":{"type":"branch","line":317,"loc":{"start":{"line":317,"column":14},"end":{"line":318,"column":16}},"locations":[{"start":{"line":317,"column":14},"end":{"line":318,"column":16}}]},"42":{"type":"branch","line":330,"loc":{"start":{"line":330,"column":2},"end":{"line":359,"column":3}},"locations":[{"start":{"line":330,"column":2},"end":{"line":359,"column":3}}]}},"b":{"0":[7],"1":[7],"2":[3],"3":[7],"4":[7],"5":[7],"6":[0],"7":[29],"8":[7],"9":[14],"10":[0],"11":[0],"12":[2],"13":[2],"14":[2],"15":[1],"16":[1],"17":[2],"18":[0],"19":[0],"20":[4],"21":[1],"22":[3],"23":[0],"24":[1],"25":[3],"26":[22],"27":[15],"28":[7],"29":[22],"30":[15],"31":[7],"32":[15],"33":[7],"34":[10],"35":[7],"36":[0],"37":[30],"38":[22],"39":[58],"40":[15],"41":[43],"42":[22]},"fnMap":{"0":{"name":"<instance_members_initializer>","decl":{"start":{"line":20,"column":0},"end":{"line":360,"column":1}},"loc":{"start":{"line":20,"column":0},"end":{"line":360,"column":1}},"line":20},"1":{"name":"HeroSlider","decl":{"start":{"line":39,"column":2},"end":{"line":47,"column":3}},"loc":{"start":{"line":39,"column":2},"end":{"line":47,"column":3}},"line":39},"2":{"name":"get observedAttributes","decl":{"start":{"line":50,"column":2},"end":{"line":52,"column":3}},"loc":{"start":{"line":50,"column":2},"end":{"line":52,"column":3}},"line":50},"3":{"name":"connectedCallback","decl":{"start":{"line":55,"column":2},"end":{"line":64,"column":3}},"loc":{"start":{"line":55,"column":2},"end":{"line":64,"column":3}},"line":55},"4":{"name":"disconnectedCallback","decl":{"start":{"line":67,"column":2},"end":{"line":69,"column":3}},"loc":{"start":{"line":67,"column":2},"end":{"line":69,"column":3}},"line":67},"5":{"name":"attributeChangedCallback","decl":{"start":{"line":72,"column":2},"end":{"line":86,"column":3}},"loc":{"start":{"line":72,"column":2},"end":{"line":86,"column":3}},"line":72},"6":{"name":"setupEventListeners","decl":{"start":{"line":89,"column":2},"end":{"line":111,"column":3}},"loc":{"start":{"line":89,"column":2},"end":{"line":111,"column":3}},"line":89},"7":{"name":"cleanupEventListeners","decl":{"start":{"line":114,"column":2},"end":{"line":129,"column":3}},"loc":{"start":{"line":114,"column":2},"end":{"line":129,"column":3}},"line":114},"8":{"name":"fetchProducts","decl":{"start":{"line":132,"column":2},"end":{"line":156,"column":3}},"loc":{"start":{"line":132,"column":2},"end":{"line":156,"column":3}},"line":132},"9":{"name":"handleTouchStart","decl":{"start":{"line":158,"column":2},"end":{"line":160,"column":3}},"loc":{"start":{"line":158,"column":2},"end":{"line":160,"column":3}},"line":158},"10":{"name":"handleTouchMove","decl":{"start":{"line":162,"column":2},"end":{"line":164,"column":3}},"loc":{"start":{"line":162,"column":2},"end":{"line":164,"column":3}},"line":162},"11":{"name":"handleTouchEnd","decl":{"start":{"line":166,"column":2},"end":{"line":176,"column":3}},"loc":{"start":{"line":166,"column":2},"end":{"line":176,"column":3}},"line":166},"12":{"name":"handleSlideClick","decl":{"start":{"line":179,"column":2},"end":{"line":193,"column":3}},"loc":{"start":{"line":179,"column":2},"end":{"line":193,"column":3}},"line":179},"13":{"name":"showNextSlide","decl":{"start":{"line":196,"column":2},"end":{"line":218,"column":3}},"loc":{"start":{"line":196,"column":2},"end":{"line":218,"column":3}},"line":196},"14":{"name":"showPreviousSlide","decl":{"start":{"line":221,"column":2},"end":{"line":243,"column":3}},"loc":{"start":{"line":221,"column":2},"end":{"line":243,"column":3}},"line":221},"15":{"name":"showSelectSlide","decl":{"start":{"line":246,"column":2},"end":{"line":259,"column":3}},"loc":{"start":{"line":246,"column":2},"end":{"line":259,"column":3}},"line":246},"16":{"name":"updateHeroImage","decl":{"start":{"line":262,"column":2},"end":{"line":269,"column":3}},"loc":{"start":{"line":262,"column":2},"end":{"line":269,"column":3}},"line":262},"17":{"name":"updateHeroText","decl":{"start":{"line":270,"column":2},"end":{"line":280,"column":3}},"loc":{"start":{"line":270,"column":2},"end":{"line":280,"column":3}},"line":270},"18":{"name":"preLoadImages","decl":{"start":{"line":287,"column":2},"end":{"line":308,"column":3}},"loc":{"start":{"line":287,"column":2},"end":{"line":308,"column":3}},"line":287},"19":{"name":"indicatorList","decl":{"start":{"line":311,"column":2},"end":{"line":327,"column":3}},"loc":{"start":{"line":311,"column":2},"end":{"line":327,"column":3}},"line":311},"20":{"name":"render","decl":{"start":{"line":330,"column":2},"end":{"line":359,"column":3}},"loc":{"start":{"line":330,"column":2},"end":{"line":359,"column":3}},"line":330}},"f":{"0":7,"1":7,"2":3,"3":7,"4":7,"5":7,"6":29,"7":7,"8":14,"9":2,"10":2,"11":2,"12":1,"13":2,"14":4,"15":1,"16":22,"17":22,"18":10,"19":22,"20":22}}
,"D:\\MyProjects\\JavaScript\\Vanilla JS\\frontend-challenge\\src\\mock\\heroSliderMockData.ts": {"path":"D:\\MyProjects\\JavaScript\\Vanilla JS\\frontend-challenge\\src\\mock\\heroSliderMockData.ts","all":false,"statementMap":{"10":{"start":{"line":11,"column":0},"end":{"line":11,"column":35}},"11":{"start":{"line":12,"column":0},"end":{"line":12,"column":3}},"12":{"start":{"line":13,"column":0},"end":{"line":13,"column":10}},"13":{"start":{"line":14,"column":0},"end":{"line":14,"column":30}},"14":{"start":{"line":15,"column":0},"end":{"line":15,"column":16}},"15":{"start":{"line":16,"column":0},"end":{"line":16,"column":186}},"16":{"start":{"line":17,"column":0},"end":{"line":17,"column":13}},"17":{"start":{"line":18,"column":0},"end":{"line":18,"column":98}},"18":{"start":{"line":19,"column":0},"end":{"line":19,"column":5}},"19":{"start":{"line":20,"column":0},"end":{"line":20,"column":4}},"20":{"start":{"line":21,"column":0},"end":{"line":21,"column":3}},"21":{"start":{"line":22,"column":0},"end":{"line":22,"column":10}},"22":{"start":{"line":23,"column":0},"end":{"line":23,"column":30}},"23":{"start":{"line":24,"column":0},"end":{"line":24,"column":16}},"24":{"start":{"line":25,"column":0},"end":{"line":25,"column":186}},"25":{"start":{"line":26,"column":0},"end":{"line":26,"column":13}},"26":{"start":{"line":27,"column":0},"end":{"line":27,"column":98}},"27":{"start":{"line":28,"column":0},"end":{"line":28,"column":5}},"28":{"start":{"line":29,"column":0},"end":{"line":29,"column":4}},"29":{"start":{"line":30,"column":0},"end":{"line":30,"column":3}},"30":{"start":{"line":31,"column":0},"end":{"line":31,"column":10}},"31":{"start":{"line":32,"column":0},"end":{"line":32,"column":30}},"32":{"start":{"line":33,"column":0},"end":{"line":33,"column":16}},"33":{"start":{"line":34,"column":0},"end":{"line":34,"column":186}},"34":{"start":{"line":35,"column":0},"end":{"line":35,"column":13}},"35":{"start":{"line":36,"column":0},"end":{"line":36,"column":98}},"36":{"start":{"line":37,"column":0},"end":{"line":37,"column":5}},"37":{"start":{"line":38,"column":0},"end":{"line":38,"column":4}},"38":{"start":{"line":39,"column":0},"end":{"line":39,"column":3}},"39":{"start":{"line":40,"column":0},"end":{"line":40,"column":10}},"40":{"start":{"line":41,"column":0},"end":{"line":41,"column":30}},"41":{"start":{"line":42,"column":0},"end":{"line":42,"column":16}},"42":{"start":{"line":43,"column":0},"end":{"line":43,"column":186}},"43":{"start":{"line":44,"column":0},"end":{"line":44,"column":13}},"44":{"start":{"line":45,"column":0},"end":{"line":45,"column":98}},"45":{"start":{"line":46,"column":0},"end":{"line":46,"column":5}},"46":{"start":{"line":47,"column":0},"end":{"line":47,"column":4}},"47":{"start":{"line":48,"column":0},"end":{"line":48,"column":3}},"48":{"start":{"line":49,"column":0},"end":{"line":49,"column":10}},"49":{"start":{"line":50,"column":0},"end":{"line":50,"column":30}},"50":{"start":{"line":51,"column":0},"end":{"line":51,"column":16}},"51":{"start":{"line":52,"column":0},"end":{"line":52,"column":186}},"52":{"start":{"line":53,"column":0},"end":{"line":53,"column":13}},"53":{"start":{"line":54,"column":0},"end":{"line":54,"column":98}},"54":{"start":{"line":55,"column":0},"end":{"line":55,"column":5}},"55":{"start":{"line":56,"column":0},"end":{"line":56,"column":4}},"56":{"start":{"line":57,"column":0},"end":{"line":57,"column":3}},"57":{"start":{"line":58,"column":0},"end":{"line":58,"column":10}},"58":{"start":{"line":59,"column":0},"end":{"line":59,"column":30}},"59":{"start":{"line":60,"column":0},"end":{"line":60,"column":16}},"60":{"start":{"line":61,"column":0},"end":{"line":61,"column":186}},"61":{"start":{"line":62,"column":0},"end":{"line":62,"column":13}},"62":{"start":{"line":63,"column":0},"end":{"line":63,"column":98}},"63":{"start":{"line":64,"column":0},"end":{"line":64,"column":5}},"64":{"start":{"line":65,"column":0},"end":{"line":65,"column":3}},"65":{"start":{"line":66,"column":0},"end":{"line":66,"column":1}}},"s":{"10":1,"11":1,"12":1,"13":1,"14":1,"15":1,"16":1,"17":1,"18":1,"19":1,"20":1,"21":1,"22":1,"23":1,"24":1,"25":1,"26":1,"27":1,"28":1,"29":1,"30":1,"31":1,"32":1,"33":1,"34":1,"35":1,"36":1,"37":1,"38":1,"39":1,"40":1,"41":1,"42":1,"43":1,"44":1,"45":1,"46":1,"47":1,"48":1,"49":1,"50":1,"51":1,"52":1,"53":1,"54":1,"55":1,"56":1,"57":1,"58":1,"59":1,"60":1,"61":1,"62":1,"63":1,"64":1,"65":1},"branchMap":{},"b":{},"fnMap":{},"f":{}}
,"D:\\MyProjects\\JavaScript\\Vanilla JS\\frontend-challenge\\src\\mock\\mockServer.ts": {"path":"D:\\MyProjects\\JavaScript\\Vanilla JS\\frontend-challenge\\src\\mock\\mockServer.ts","all":false,"statementMap":{"0":{"start":{"line":1,"column":0},"end":{"line":1,"column":40}},"1":{"start":{"line":2,"column":0},"end":{"line":2,"column":47}},"4":{"start":{"line":5,"column":0},"end":{"line":5,"column":29}},"5":{"start":{"line":6,"column":0},"end":{"line":6,"column":50}},"6":{"start":{"line":7,"column":0},"end":{"line":7,"column":42}},"7":{"start":{"line":8,"column":0},"end":{"line":8,"column":4}},"8":{"start":{"line":9,"column":0},"end":{"line":9,"column":1}}},"s":{"0":1,"1":1,"4":1,"5":1,"6":14,"7":1,"8":1},"branchMap":{"0":{"type":"branch","line":6,"loc":{"start":{"line":6,"column":43},"end":{"line":8,"column":3}},"locations":[{"start":{"line":6,"column":43},"end":{"line":8,"column":3}}]}},"b":{"0":[14]},"fnMap":{},"f":{}}
}
